<?xml version="1.0" encoding="UTF-8"?>
<coverage generated="1635083649217" clover="3.2.0">
  <project timestamp="1635083649217" name="All files">
    <metrics statements="38" coveredstatements="36" conditionals="4" coveredconditionals="2" methods="4" coveredmethods="4" elements="46" coveredelements="42" complexity="0" loc="38" ncloc="38" packages="3" files="3" classes="3"/>
    <package name="lambda-fns.post">
      <metrics statements="17" coveredstatements="15" conditionals="4" coveredconditionals="2" methods="2" coveredmethods="2"/>
      <file name="index.ts" path="/home/marcio/dev/aws-lessons/typescript/sam-cdk-vscode-debug/lambda-fns/post/index.ts">
        <metrics statements="17" coveredstatements="15" conditionals="4" coveredconditionals="2" methods="2" coveredmethods="2"/>
        <line num="2" count="1" type="cond" truecount="1" falsecount="1"/>
        <line num="3" count="0" type="stmt"/>
        <line num="6" count="1" type="stmt"/>
        <line num="7" count="1" type="stmt"/>
        <line num="9" count="1" type="stmt"/>
        <line num="10" count="1" type="stmt"/>
        <line num="12" count="1" type="stmt"/>
        <line num="13" count="1" type="stmt"/>
        <line num="14" count="1" type="stmt"/>
        <line num="18" count="1" type="stmt"/>
        <line num="19" count="1" type="stmt"/>
        <line num="21" count="1" type="stmt"/>
        <line num="27" count="0" type="stmt"/>
        <line num="33" count="1" type="stmt"/>
        <line num="34" count="1" type="cond" truecount="1" falsecount="1"/>
        <line num="35" count="1" type="stmt"/>
        <line num="42" count="1" type="stmt"/>
      </file>
    </package>
    <package name="lambda-fns.post2">
      <metrics statements="6" coveredstatements="6" conditionals="0" coveredconditionals="0" methods="1" coveredmethods="1"/>
      <file name="index.ts" path="/home/marcio/dev/aws-lessons/typescript/sam-cdk-vscode-debug/lambda-fns/post2/index.ts">
        <metrics statements="6" coveredstatements="6" conditionals="0" coveredconditionals="0" methods="1" coveredmethods="1"/>
        <line num="1" count="1" type="stmt"/>
        <line num="3" count="1" type="stmt"/>
        <line num="5" count="1" type="stmt"/>
        <line num="6" count="1" type="stmt"/>
        <line num="7" count="1" type="stmt"/>
        <line num="14" count="1" type="stmt"/>
      </file>
    </package>
    <package name="lib">
      <metrics statements="15" coveredstatements="15" conditionals="0" coveredconditionals="0" methods="1" coveredmethods="1"/>
      <file name="sam-cdk-vscode-debug-stack.ts" path="/home/marcio/dev/aws-lessons/typescript/sam-cdk-vscode-debug/lib/sam-cdk-vscode-debug-stack.ts">
        <metrics statements="15" coveredstatements="15" conditionals="0" coveredconditionals="0" methods="1" coveredmethods="1"/>
        <line num="1" count="1" type="stmt"/>
        <line num="2" count="1" type="stmt"/>
        <line num="3" count="1" type="stmt"/>
        <line num="4" count="1" type="stmt"/>
        <line num="5" count="1" type="stmt"/>
        <line num="7" count="1" type="stmt"/>
        <line num="9" count="3" type="stmt"/>
        <line num="11" count="3" type="stmt"/>
        <line num="16" count="3" type="stmt"/>
        <line num="25" count="3" type="stmt"/>
        <line num="38" count="3" type="stmt"/>
        <line num="40" count="3" type="stmt"/>
        <line num="44" count="3" type="stmt"/>
        <line num="45" count="3" type="stmt"/>
        <line num="46" count="3" type="stmt"/>
      </file>
    </package>
  </project>
</coverage>
