{"/home/marcio/dev/aws-lessons/typescript/sam-cdk-vscode-debug/lambda-fns/post/index.ts": {"path":"/home/marcio/dev/aws-lessons/typescript/sam-cdk-vscode-debug/lambda-fns/post/index.ts","statementMap":{"0":{"start":{"line":2,"column":0},"end":{"line":8,"column":null}},"1":{"start":{"line":3,"column":14},"end":{"line":3,"column":32}},"2":{"start":{"line":6,"column":20},"end":{"line":6,"column":43}},"3":{"start":{"line":7,"column":14},"end":{"line":7,"column":52}},"4":{"start":{"line":9,"column":0},"end":{"line":9,"column":33}},"5":{"start":{"line":10,"column":11},"end":{"line":10,"column":61}},"6":{"start":{"line":12,"column":13},"end":{"line":31,"column":null}},"7":{"start":{"line":13,"column":15},"end":{"line":13,"column":35}},"8":{"start":{"line":14,"column":15},"end":{"line":14,"column":25}},"9":{"start":{"line":18,"column":4},"end":{"line":25,"column":null}},"10":{"start":{"line":19,"column":8},"end":{"line":19,"column":33}},"11":{"start":{"line":21,"column":8},"end":{"line":24,"column":null}},"12":{"start":{"line":27,"column":4},"end":{"line":30,"column":null}},"13":{"start":{"line":33,"column":13},"end":{"line":43,"column":null}},"14":{"start":{"line":34,"column":27},"end":{"line":34,"column":55}},"15":{"start":{"line":35,"column":19},"end":{"line":41,"column":null}},"16":{"start":{"line":42,"column":4},"end":{"line":42,"column":29}}},"fnMap":{"0":{"name":"(anonymous_0)","decl":{"start":{"line":12,"column":23},"end":{"line":12,"column":28}},"loc":{"start":{"line":12,"column":57},"end":{"line":31,"column":1}}},"1":{"name":"(anonymous_1)","decl":{"start":{"line":33,"column":24},"end":{"line":33,"column":29}},"loc":{"start":{"line":33,"column":54},"end":{"line":43,"column":1}}}},"branchMap":{"0":{"loc":{"start":{"line":2,"column":0},"end":{"line":8,"column":null}},"type":"if","locations":[{"start":{"line":2,"column":0},"end":{"line":8,"column":null}},{"start":{"line":5,"column":5},"end":{"line":8,"column":null}}]},"1":{"loc":{"start":{"line":34,"column":27},"end":{"line":34,"column":55}},"type":"binary-expr","locations":[{"start":{"line":34,"column":27},"end":{"line":34,"column":49}},{"start":{"line":34,"column":53},"end":{"line":34,"column":55}}]}},"s":{"0":1,"1":0,"2":1,"3":1,"4":1,"5":1,"6":1,"7":1,"8":1,"9":1,"10":1,"11":1,"12":0,"13":1,"14":1,"15":1,"16":1},"f":{"0":1,"1":1},"b":{"0":[0,1],"1":[1,0]}}
,"/home/marcio/dev/aws-lessons/typescript/sam-cdk-vscode-debug/lambda-fns/post2/index.ts": {"path":"/home/marcio/dev/aws-lessons/typescript/sam-cdk-vscode-debug/lambda-fns/post2/index.ts","statementMap":{"0":{"start":{"line":1,"column":0},"end":{"line":1,"column":58}},"1":{"start":{"line":3,"column":11},"end":{"line":3,"column":52}},"2":{"start":{"line":5,"column":13},"end":{"line":18,"column":null}},"3":{"start":{"line":6,"column":15},"end":{"line":6,"column":35}},"4":{"start":{"line":7,"column":4},"end":{"line":12,"column":17}},"5":{"start":{"line":14,"column":4},"end":{"line":17,"column":null}}},"fnMap":{"0":{"name":"(anonymous_0)","decl":{"start":{"line":5,"column":23},"end":{"line":5,"column":28}},"loc":{"start":{"line":5,"column":44},"end":{"line":18,"column":1}}}},"branchMap":{},"s":{"0":1,"1":1,"2":1,"3":1,"4":1,"5":1},"f":{"0":1},"b":{}}
,"/home/marcio/dev/aws-lessons/typescript/sam-cdk-vscode-debug/lib/sam-cdk-vscode-debug-stack.ts": {"path":"/home/marcio/dev/aws-lessons/typescript/sam-cdk-vscode-debug/lib/sam-cdk-vscode-debug-stack.ts","statementMap":{"0":{"start":{"line":1,"column":0},"end":{"line":1,"column":84}},"1":{"start":{"line":2,"column":0},"end":{"line":2,"column":83}},"2":{"start":{"line":3,"column":0},"end":{"line":3,"column":59}},"3":{"start":{"line":4,"column":0},"end":{"line":4,"column":73}},"4":{"start":{"line":5,"column":0},"end":{"line":5,"column":48}},"5":{"start":{"line":9,"column":4},"end":{"line":9,"column":28}},"6":{"start":{"line":11,"column":18},"end":{"line":14,"column":6}},"7":{"start":{"line":16,"column":18},"end":{"line":23,"column":6}},"8":{"start":{"line":25,"column":19},"end":{"line":36,"column":6}},"9":{"start":{"line":38,"column":4},"end":{"line":38,"column":33}},"10":{"start":{"line":40,"column":16},"end":{"line":43,"column":6}},"11":{"start":{"line":44,"column":21},"end":{"line":44,"column":48}},"12":{"start":{"line":45,"column":18},"end":{"line":45,"column":46}},"13":{"start":{"line":46,"column":4},"end":{"line":46,"column":59}},"14":{"start":{"line":7,"column":0},"end":{"line":7,"column":13}}},"fnMap":{"0":{"name":"(anonymous_0)","decl":{"start":{"line":8,"column":2},"end":{"line":8,"column":14}},"loc":{"start":{"line":8,"column":62},"end":{"line":47,"column":3}}}},"branchMap":{},"s":{"0":1,"1":1,"2":1,"3":1,"4":1,"5":3,"6":3,"7":3,"8":3,"9":3,"10":3,"11":3,"12":3,"13":3,"14":1},"f":{"0":3},"b":{}}
}
