TN:
SF:lambda-fns/post/index.ts
FN:12,(anonymous_0)
FN:33,(anonymous_1)
FNF:2
FNH:2
FNDA:1,(anonymous_0)
FNDA:1,(anonymous_1)
DA:2,1
DA:3,0
DA:6,1
DA:7,1
DA:9,1
DA:10,1
DA:12,1
DA:13,1
DA:14,1
DA:18,1
DA:19,1
DA:21,1
DA:27,0
DA:33,1
DA:34,1
DA:35,1
DA:42,1
LF:17
LH:15
BRDA:2,0,0,0
BRDA:2,0,1,1
BRDA:34,1,0,1
BRDA:34,1,1,0
BRF:4
BRH:2
end_of_record
TN:
SF:lambda-fns/post2/index.ts
FN:5,(anonymous_0)
FNF:1
FNH:1
FNDA:1,(anonymous_0)
DA:1,1
DA:3,1
DA:5,1
DA:6,1
DA:7,1
DA:14,1
LF:6
LH:6
BRF:0
BRH:0
end_of_record
TN:
SF:lib/sam-cdk-vscode-debug-stack.ts
FN:8,(anonymous_0)
FNF:1
FNH:1
FNDA:3,(anonymous_0)
DA:1,1
DA:2,1
DA:3,1
DA:4,1
DA:5,1
DA:7,1
DA:9,3
DA:11,3
DA:16,3
DA:25,3
DA:38,3
DA:40,3
DA:44,3
DA:45,3
DA:46,3
LF:15
LH:15
BRF:0
BRH:0
end_of_record
